[ [36m2022-11-29 14:18:40:1840[39m ]  [35mPOST /register 404 148 - 9.520 ms[39m
[35m[39m
[ [36m2022-11-29 14:19:02:192[39m ]  [31mName : Error on creating customer TypeError | Descriptiion : Cannot read properties of undefined (reading 'create') | Status Code : 500 | IsOperational : true[39m
[ [36m2022-11-29 14:19:02:192[39m ]  [35mPOST /user/register 500 135 - 67.016 ms[39m
[35m[39m
[ [36m2022-11-29 14:19:53:1953[39m ]  [31mName : Error on creating customer TypeError | Descriptiion : Cannot read properties of undefined (reading 'create') | Status Code : 500 | IsOperational : true[39m
[ [36m2022-11-29 14:19:53:1953[39m ]  [35mPOST /user/register 500 135 - 80.620 ms[39m
[35m[39m
[ [36m2022-11-29 14:22:20:2220[39m ]  [31mName : Cannot read properties of null (reading 'id') | Descriptiion : Internal Server Error | Status Code : 500 | IsOperational : true[39m
[ [36m2022-11-29 14:22:20:2220[39m ]  [35mPOST /user/register 500 111 - 71.851 ms[39m
[35m[39m
[ [36m2022-11-29 14:22:48:2248[39m ]  [31mName : Cannot read properties of null (reading 'id') | Descriptiion : Internal Server Error | Status Code : 500 | IsOperational : true[39m
[ [36m2022-11-29 14:22:48:2248[39m ]  [35mPOST /user/register 500 111 - 74.079 ms[39m
[35m[39m
[ [36m2022-11-29 14:23:03:233[39m ]  [31mName : Cannot read properties of null (reading 'id') | Descriptiion : Internal Server Error | Status Code : 500 | IsOperational : true[39m
[ [36m2022-11-29 14:23:03:233[39m ]  [35mPOST /user/register 500 111 - 67.758 ms[39m
[35m[39m
[ [36m2022-11-29 14:23:52:2352[39m ]  [31mName : Error on creating customer ReferenceError | Descriptiion : User is not defined | Status Code : 500 | IsOperational : true[39m
[ [36m2022-11-29 14:23:52:2352[39m ]  [35mPOST /user/register 500 105 - 69.084 ms[39m
[35m[39m
[ [36m2022-11-29 14:24:32:2432[39m ]  [31mName : Error on creating customer SequelizeDatabaseError | Descriptiion : Column 'id' cannot be null | Status Code : 500 | IsOperational : true[39m
[ [36m2022-11-29 14:24:32:2432[39m ]  [35mPOST /user/register 500 120 - 89.035 ms[39m
[35m[39m
[ [36m2022-11-29 14:25:29:2529[39m ]  [31mName : Error on creating customer SequelizeDatabaseError | Descriptiion : Column 'id' cannot be null | Status Code : 500 | IsOperational : true[39m
[ [36m2022-11-29 14:25:29:2529[39m ]  [35mPOST /user/register 500 120 - 126.344 ms[39m
[35m[39m
[ [36m2022-11-29 14:26:07:267[39m ]  [35mPOST /user/register 200 349 - 128.708 ms[39m
[35m[39m
[ [36m2022-11-29 14:26:36:2636[39m ]  [31mName : Error on creating customer SequelizeUniqueConstraintError | Descriptiion : Validation error | Status Code : 500 | IsOperational : true[39m
[ [36m2022-11-29 14:26:36:2636[39m ]  [35mPOST /user/register 500 118 - 113.367 ms[39m
[35m[39m
[ [36m2022-11-29 15:03:47:347[39m ]  [35mPOST /user/register 200 349 - 131.302 ms[39m
[35m[39m
[ [36m2022-11-29 15:14:21:1421[39m ]  [31mName : Error on finding user TypeError | Descriptiion : Cannot read properties of undefined (reading 'findOne') | Status Code : 500 | IsOperational : true[39m
[ [36m2022-11-29 15:14:21:1421[39m ]  [35mPOST /user/login 500 131 - 28.704 ms[39m
[35m[39m
[ [36m2022-11-29 15:14:58:1458[39m ]  [35mPOST /user/login 200 349 - 195.482 ms[39m
[35m[39m
[ [36m2022-11-29 15:15:04:154[39m ]  [35mPOST /user/login 200 349 - 59.266 ms[39m
[35m[39m
[ [36m2022-11-29 15:15:05:155[39m ]  [35mPOST /user/login 200 349 - 56.872 ms[39m
[35m[39m
[ [36m2022-11-29 15:15:06:156[39m ]  [35mPOST /user/login 200 349 - 56.893 ms[39m
[35m[39m
[ [36m2022-11-29 15:15:11:1511[39m ]  [31mName : Wrong Password | Descriptiion : Internal Server Error | Status Code : 400 | IsOperational : true[39m
[ [36m2022-11-29 15:15:11:1511[39m ]  [35mPOST /user/login 400 80 - 57.093 ms[39m
[35m[39m
[ [36m2022-11-29 15:15:20:1520[39m ]  [31mName : Data Not found! | Descriptiion : Internal Server Error | Status Code : 500 | IsOperational : true[39m
[ [36m2022-11-29 15:15:20:1520[39m ]  [35mPOST /user/login 500 81 - 3.149 ms[39m
[35m[39m
[ [36m2022-11-29 15:15:29:1529[39m ]  [35mPOST /user/login 200 349 - 55.896 ms[39m
[35m[39m
[ [36m2022-11-29 15:22:32:2232[39m ]  [35mGET /users 404 144 - 6.335 ms[39m
[35m[39m
[ [36m2022-11-29 15:22:56:2256[39m ]  [35mGET /users 404 144 - 2.833 ms[39m
[35m[39m
[ [36m2022-11-29 15:23:01:231[39m ]  [35mGET /users/ 404 145 - 0.692 ms[39m
[35m[39m
[ [36m2022-11-29 15:23:46:2346[39m ]  [35mGET /users/profile 404 152 - 5.295 ms[39m
[35m[39m
[ [36m2022-11-29 15:24:08:248[39m ]  [35mGET /users/profile 404 152 - 1.914 ms[39m
[35m[39m
[ [36m2022-11-29 15:24:17:2417[39m ]  [31mName : UN_AUTHORISED | Descriptiion : No token found | Status Code : 403 | IsOperational : true[39m
[ [36m2022-11-29 15:24:17:2417[39m ]  [35mGET /user/profile 403 72 - 6.767 ms[39m
[35m[39m
[ [36m2022-11-29 15:24:27:2427[39m ]  [35mPOST /user/login 200 349 - 190.348 ms[39m
[35m[39m
[ [36m2022-11-29 15:24:37:2437[39m ]  [31mName : Error on finding user Error | Descriptiion : Invalid value { id | Status Code : 500 | IsOperational : true[39m
[ [36m2022-11-29 15:24:37:2437[39m ]  [35mGET /user/profile 500 90 - 4.047 ms[39m
[35m[39m
[ [36m2022-11-29 15:24:40:2440[39m ]  [31mName : Error on finding user Error | Descriptiion : Invalid value { id | Status Code : 500 | IsOperational : true[39m
[ [36m2022-11-29 15:24:40:2440[39m ]  [35mGET /user/profile 500 90 - 1.861 ms[39m
[35m[39m
[ [36m2022-11-29 15:25:15:2515[39m ]  [31mName : Error on finding user Error | Descriptiion : Invalid value { id | Status Code : 500 | IsOperational : true[39m
[ [36m2022-11-29 15:25:15:2515[39m ]  [35mGET /user/profile 500 90 - 13.733 ms[39m
[35m[39m
[ [36m2022-11-29 15:25:38:2538[39m ]  [31mName : Error on finding user Error | Descriptiion : Invalid value { id | Status Code : 500 | IsOperational : true[39m
[ [36m2022-11-29 15:25:38:2538[39m ]  [35mGET /user/profile 500 90 - 13.711 ms[39m
[35m[39m
[ [36m2022-11-29 15:26:12:2612[39m ]  [31mName : Error on finding user Error | Descriptiion : Invalid value { id | Status Code : 500 | IsOperational : true[39m
[ [36m2022-11-29 15:26:12:2612[39m ]  [35mGET /user/profile 500 90 - 18.118 ms[39m
[35m[39m
[ [36m2022-11-29 15:26:31:2631[39m ]  [35mGET /user/profile 200 339 - 130.148 ms[39m
[35m[39m
[ [36m2022-11-29 15:28:20:2820[39m ]  [35mGET /user/profile 200 339 - 118.831 ms[39m
[35m[39m
[ [36m2022-11-29 15:28:41:2841[39m ]  [35mGET /user/profile 200 339 - 55.028 ms[39m
[35m[39m
[ [36m2022-11-29 15:30:42:3042[39m ]  [35mGET /user/profile 200 226 - 137.647 ms[39m
[35m[39m
